<?xml version="1.0" encoding="UTF-8"?>
<!-- Generated by org.testng.reporters.JUnitReportReporter -->
<testsuite hostname="Ruchi-Chopra" failures="0" tests="4" name="demo.MultipleValidations2" time="0.150" errors="0" timestamp="2021-01-27T10:09:35 MST" skipped="0">
  <testcase classname="demo.MultipleValidations2" name="VerifyTitle" time="0.012"/>
  <testcase classname="demo.MultipleValidations2" name="VerifyText" time="0.045"/>
  <testcase classname="demo.MultipleValidations2" name="VerifySignIn" time="0.062"/>
  <testcase classname="demo.MultipleValidations2" name="VerifySearchbutton" time="0.031"/>
</testsuite> <!-- demo.MultipleValidations2 -->
