<?xml version="1.0" encoding="UTF-8"?>
<!-- Generated by org.testng.reporters.JUnitReportReporter -->
<testsuite hostname="Ruchi-Chopra" failures="0" tests="3" name="demo.differentbrowsers" time="20.751" errors="0" timestamp="2021-01-27T17:54:44 MST" skipped="0">
  <testcase classname="demo.differentbrowsers" name="openedgebrowser" time="4.332"/>
  <testcase classname="demo.differentbrowsers" name="openBrowser" time="5.754"/>
  <testcase classname="demo.differentbrowsers" name="openfirefox" time="10.665"/>
</testsuite> <!-- demo.differentbrowsers -->
