<?xml version="1.0" encoding="UTF-8"?>
<!-- Generated by org.testng.reporters.JUnitReportReporter -->
<testsuite hostname="Ruchi-Chopra" failures="0" tests="1" name="demo.VerifyTitlePage" time="0.012" errors="0" timestamp="2021-01-27T09:56:50 MST" skipped="0">
  <testcase classname="demo.VerifyTitlePage" name="VerifyTest" time="0.012"/>
</testsuite> <!-- demo.VerifyTitlePage -->
